0 info it worked if it ends with ok
1 verbose cli [ 'C:\\Program Files\\nodejs\\node.exe',
1 verbose cli   'C:\\Program Files\\nodejs\\node_modules\\npm\\bin\\npm-cli.js',
1 verbose cli   'run',
1 verbose cli   'precommit' ]
2 info using npm@3.10.10
3 info using node@v6.9.5
4 verbose run-script [ 'precommit' ]
5 info lifecycle @~precommit: @
6 verbose lifecycle @~precommit: unsafe-perm in lifecycle true
7 verbose lifecycle @~precommit: PATH: C:\Program Files\nodejs\node_modules\npm\bin\node-gyp-bin;E:\material\dreamlu\node_modules\.bin;C:\Program Files (x86)\Git\mingw32\libexec\git-core;C:\Users\admin\bin;C:\Program Files (x86)\Git\mingw32\bin;C:\Program Files (x86)\Git\usr\local\bin;C:\Program Files (x86)\Git\usr\bin;C:\Program Files (x86)\Git\usr\bin;C:\Program Files (x86)\Git\mingw32\bin;C:\Program Files (x86)\Git\usr\bin;C:\Users\admin\bin;C:\Windows\system32;C:\Windows;C:\Windows\System32\Wbem;C:\Windows\System32\WindowsPowerShell\v1.0;C:\Program Files (x86)\Microsoft SQL Server\100\Tools\Binn;C:\Program Files\Microsoft SQL Server\100\Tools\Binn;C:\Program Files\Microsoft SQL Server\100\DTS\Binn;C:\Program Files (x86)\Microsoft SQL Server\100\Tools\Binn\VSShell\Common7\IDE;C:\Program Files (x86)\Microsoft SQL Server\100\DTS\Binn;C:\Program Files (x86)\Microsoft Visual Studio 9.0\Common7\IDE\PrivateAssemblies;C:\Program Files (x86)\Microsoft SQL Server\80\Tools\Binn;F:\u8\admin;C:\Program Files\nodejs;C:\Users\admin\AppData\Roaming\npm;C:\Program Files (x86)\Git\usr\bin\vendor_perl;C:\Program Files (x86)\Git\usr\bin\core_perl;C:\Program Files\nodejs
8 verbose lifecycle @~precommit: CWD: E:\material\dreamlu
9 silly lifecycle @~precommit: Args: [ '/d /s /c', 'npm run lint' ]
10 silly lifecycle @~precommit: Returned: code: 1  signal: null
11 info lifecycle @~precommit: Failed to exec precommit script
12 verbose stack Error: @ precommit: `npm run lint`
12 verbose stack Exit status 1
12 verbose stack     at EventEmitter.<anonymous> (C:\Program Files\nodejs\node_modules\npm\lib\utils\lifecycle.js:255:16)
12 verbose stack     at emitTwo (events.js:106:13)
12 verbose stack     at EventEmitter.emit (events.js:191:7)
12 verbose stack     at ChildProcess.<anonymous> (C:\Program Files\nodejs\node_modules\npm\lib\utils\spawn.js:40:14)
12 verbose stack     at emitTwo (events.js:106:13)
12 verbose stack     at ChildProcess.emit (events.js:191:7)
12 verbose stack     at maybeClose (internal/child_process.js:877:16)
12 verbose stack     at Process.ChildProcess._handle.onexit (internal/child_process.js:226:5)
13 verbose pkgid @
14 verbose cwd E:\material\dreamlu
15 error Windows_NT 6.1.7601
16 error argv "C:\\Program Files\\nodejs\\node.exe" "C:\\Program Files\\nodejs\\node_modules\\npm\\bin\\npm-cli.js" "run" "precommit"
17 error node v6.9.5
18 error npm  v3.10.10
19 error code ELIFECYCLE
20 error @ precommit: `npm run lint`
20 error Exit status 1
21 error Failed at the @ precommit script 'npm run lint'.
21 error Make sure you have the latest version of node.js and npm installed.
21 error If you do, this is most likely a problem with the  package,
21 error not with npm itself.
21 error Tell the author that this fails on your system:
21 error     npm run lint
21 error You can get information on how to open an issue for this project with:
21 error     npm bugs
21 error Or if that isn't available, you can get their info via:
21 error     npm owner ls
21 error There is likely additional logging output above.
22 verbose exit [ 1, true ]
